<?xml version='1.1' encoding='UTF-8'?>
<result plugin="junit@1119.1121.vc43d0fc45561">
  <suites>
    <suite>
      <file>C:\Users\kirra\.jenkins\workspace\sandbox\sandbox\build\test-results\test\TEST-ru.stqa.pft.sandbox.DistanceTests.xml</file>
      <name>ru.stqa.pft.sandbox.DistanceTests</name>
      <stdout></stdout>
      <stderr></stderr>
      <duration>0.006</duration>
      <timestamp>2022-09-02T19:46:15</timestamp>
      <time>0.006</time>
      <enclosingBlocks/>
      <enclosingBlockNames/>
      <cases>
        <case>
          <duration>0.005</duration>
          <className>ru.stqa.pft.sandbox.DistanceTests</className>
          <testName>testDistanceBetweenTwoPoints</testName>
          <skipped>false</skipped>
          <failedSince>0</failedSince>
        </case>
        <case>
          <duration>0.0</duration>
          <className>ru.stqa.pft.sandbox.DistanceTests</className>
          <testName>testDistanceBetweenTwoPoints2</testName>
          <skipped>false</skipped>
          <failedSince>0</failedSince>
        </case>
      </cases>
    </suite>
    <suite>
      <file>C:\Users\kirra\.jenkins\workspace\sandbox\sandbox\build\test-results\test\TEST-ru.stqa.pft.sandbox.EquationTets.xml</file>
      <name>ru.stqa.pft.sandbox.EquationTets</name>
      <stdout></stdout>
      <stderr></stderr>
      <duration>0.003</duration>
      <timestamp>2022-09-02T19:46:15</timestamp>
      <time>0.003</time>
      <enclosingBlocks/>
      <enclosingBlockNames/>
      <cases>
        <case>
          <duration>0.001</duration>
          <className>ru.stqa.pft.sandbox.EquationTets</className>
          <testName>test0</testName>
          <skipped>false</skipped>
          <failedSince>0</failedSince>
        </case>
        <case>
          <duration>0.0</duration>
          <className>ru.stqa.pft.sandbox.EquationTets</className>
          <testName>test1</testName>
          <skipped>false</skipped>
          <failedSince>0</failedSince>
        </case>
        <case>
          <duration>0.0</duration>
          <className>ru.stqa.pft.sandbox.EquationTets</className>
          <testName>test2</testName>
          <skipped>false</skipped>
          <failedSince>0</failedSince>
        </case>
        <case>
          <duration>0.0</duration>
          <className>ru.stqa.pft.sandbox.EquationTets</className>
          <testName>testConstant</testName>
          <skipped>false</skipped>
          <failedSince>0</failedSince>
        </case>
        <case>
          <duration>0.0</duration>
          <className>ru.stqa.pft.sandbox.EquationTets</className>
          <testName>testLinear</testName>
          <skipped>false</skipped>
          <failedSince>0</failedSince>
        </case>
        <case>
          <duration>0.0</duration>
          <className>ru.stqa.pft.sandbox.EquationTets</className>
          <testName>testZero</testName>
          <skipped>false</skipped>
          <failedSince>0</failedSince>
        </case>
      </cases>
    </suite>
    <suite>
      <file>C:\Users\kirra\.jenkins\workspace\sandbox\sandbox\build\test-results\test\TEST-ru.stqa.pft.sandbox.PrimeTests.xml</file>
      <name>ru.stqa.pft.sandbox.PrimeTests</name>
      <stdout></stdout>
      <stderr></stderr>
      <duration>4.548</duration>
      <timestamp>2022-09-02T19:46:15</timestamp>
      <time>4.548</time>
      <enclosingBlocks/>
      <enclosingBlockNames/>
      <cases>
        <case>
          <duration>0.001</duration>
          <className>ru.stqa.pft.sandbox.PrimeTests</className>
          <testName>testNotPrime</testName>
          <skipped>false</skipped>
          <failedSince>0</failedSince>
        </case>
        <case>
          <duration>4.546</duration>
          <className>ru.stqa.pft.sandbox.PrimeTests</className>
          <testName>testPrime</testName>
          <skipped>false</skipped>
          <failedSince>0</failedSince>
        </case>
        <case>
          <duration>0.001</duration>
          <className>ru.stqa.pft.sandbox.PrimeTests</className>
          <testName>testPrimeFast</testName>
          <skipped>false</skipped>
          <failedSince>0</failedSince>
        </case>
      </cases>
    </suite>
    <suite>
      <file>C:\Users\kirra\.jenkins\workspace\sandbox\sandbox\build\test-results\test\TEST-ru.stqa.pft.sandbox.SquareTests.xml</file>
      <name>ru.stqa.pft.sandbox.SquareTests</name>
      <stdout></stdout>
      <stderr></stderr>
      <duration>0.0</duration>
      <timestamp>2022-09-02T19:46:20</timestamp>
      <time>0.0</time>
      <enclosingBlocks/>
      <enclosingBlockNames/>
      <cases>
        <case>
          <duration>0.0</duration>
          <className>ru.stqa.pft.sandbox.SquareTests</className>
          <testName>testArea</testName>
          <skipped>false</skipped>
          <failedSince>0</failedSince>
        </case>
      </cases>
    </suite>
  </suites>
  <duration>4.5569997</duration>
  <skipOldReports>false</skipOldReports>
  <keepLongStdio>false</keepLongStdio>
</result>